TN:
SF:lib/context_ref.dart
FNF:0
FNH:0
DA:17,1
DA:21,1
DA:25,0
DA:29,0
DA:31,0
DA:33,0
DA:36,0
DA:48,0
DA:52,0
DA:54,0
DA:56,0
DA:58,0
LF:12
LH:2
end_of_record
TN:
SF:lib/src/context_ref_root.dart
FNF:0
FNH:0
DA:13,1
DA:18,1
DA:20,1
DA:23,1
DA:29,1
DA:31,1
DA:33,0
DA:39,1
DA:42,1
DA:43,3
DA:44,1
DA:47,1
DA:54,2
DA:58,1
DA:59,1
DA:61,1
DA:62,1
DA:63,1
DA:64,1
DA:68,1
DA:73,2
DA:77,1
DA:78,1
DA:80,1
DA:81,1
DA:82,1
DA:83,1
DA:84,1
DA:85,2
DA:86,1
DA:87,2
DA:94,1
DA:95,2
DA:99,1
DA:100,1
DA:102,2
DA:105,4
DA:107,2
DA:108,2
DA:111,2
DA:118,1
DA:119,0
DA:122,1
DA:125,1
DA:127,1
DA:128,1
DA:131,1
DA:132,2
DA:133,2
DA:134,2
DA:136,1
DA:138,2
DA:139,2
DA:143,1
DA:145,2
DA:146,0
DA:148,1
DA:152,1
DA:154,0
DA:159,1
DA:161,0
DA:168,1
LF:62
LH:57
end_of_record
TN:
SF:lib/src/hot_reload.dart
FNF:0
FNH:0
DA:4,0
DA:9,0
DA:11,0
DA:13,0
DA:16,0
DA:20,0
DA:22,0
DA:24,0
DA:27,0
DA:28,0
DA:29,0
LF:11
LH:0
end_of_record
TN:
SF:lib/src/ref.dart
FNF:0
FNH:0
DA:11,1
DA:21,2
DA:22,2
DA:23,1
DA:24,1
DA:26,1
DA:27,2
DA:32,1
DA:33,2
DA:34,2
DA:41,2
DA:55,1
DA:61,2
DA:68,1
DA:73,1
DA:79,2
DA:97,1
DA:101,2
DA:106,1
DA:112,0
DA:117,3
LF:21
LH:20
end_of_record
TN:
SF:lib/src/value_provider.dart
FNF:0
FNH:0
DA:8,1
DA:9,2
DA:12,1
DA:13,1
DA:17,1
DA:18,1
DA:22,1
DA:23,1
DA:27,6
DA:28,4
DA:30,1
DA:31,1
DA:34,1
DA:35,3
DA:37,2
DA:40,1
DA:47,1
DA:48,1
DA:49,3
DA:54,1
DA:59,1
DA:60,1
DA:61,2
DA:62,1
DA:63,1
DA:67,0
DA:68,0
DA:69,0
LF:28
LH:25
end_of_record
