SF:lib/context_watch.dart
DA:21,4
DA:26,4
LF:2
LH:2
end_of_record
SF:lib/src/context_watch_root.dart
DA:11,4
DA:20,4
DA:21,4
DA:33,4
DA:35,4
DA:36,4
DA:37,20
DA:40,0
DA:42,0
DA:43,0
DA:44,0
DA:47,4
DA:49,4
DA:50,4
DA:51,8
LF:15
LH:11
end_of_record
SF:lib/src/context_unwatch.dart
DA:33,2
DA:34,2
DA:35,2
LF:3
LH:3
end_of_record
SF:lib/src/watchers/listenable_context_watcher.dart
DA:6,2
DA:10,6
DA:16,2
DA:17,6
DA:21,2
DA:27,2
DA:30,2
DA:34,2
DA:36,4
DA:56,2
DA:57,2
DA:58,2
DA:73,1
DA:77,1
DA:78,1
DA:79,1
DA:93,1
DA:94,1
DA:95,1
DA:96,1
LF:20
LH:20
end_of_record
SF:lib/src/watchers/future_context_watcher.dart
DA:7,2
DA:12,4
DA:16,2
DA:17,2
DA:21,2
DA:26,2
DA:27,2
DA:29,4
DA:30,2
DA:34,2
DA:35,2
DA:36,2
DA:37,1
DA:38,1
DA:43,1
DA:44,1
DA:45,1
DA:49,6
DA:50,2
DA:51,4
DA:65,1
DA:66,1
DA:68,1
DA:72,0
DA:74,1
DA:88,1
DA:92,1
DA:93,1
DA:98,0
DA:100,2
LF:30
LH:28
end_of_record
SF:lib/src/watchers/stream_context_watcher.dart
DA:8,3
DA:16,3
DA:17,6
DA:21,3
DA:29,6
DA:31,3
DA:32,3
DA:33,3
DA:34,1
DA:36,1
DA:37,1
DA:38,1
DA:39,1
DA:40,2
DA:41,1
DA:42,1
DA:45,3
DA:47,3
DA:54,3
DA:55,3
DA:56,1
DA:57,1
DA:59,1
DA:62,1
DA:63,1
DA:64,0
DA:66,0
DA:67,0
DA:70,1
DA:72,1
DA:76,6
DA:90,2
DA:91,2
DA:93,2
DA:97,0
DA:99,2
DA:114,1
DA:118,1
DA:119,1
DA:124,0
DA:126,2
LF:41
LH:36
end_of_record
